<?xml version="1.0" encoding="UTF-8"?>
<!-- Generated by org.testng.reporters.JUnitXMLReporter -->
<testsuite ignored="0" hostname="BabliSyamji" failures="0" tests="8" name="Default test" time="21.384" errors="0" timestamp="2024-05-15T21:45:12 IST">
  <testcase classname="Testpckg.Logintest" name="login" time="11.92"/>
  <testcase classname="Testpckg.Logintest" name="addtocart" time="0.623"/>
  <testcase classname="Testpckg.Logintest" name="cart" time="0.565"/>
  <testcase classname="Testpckg.Logintest" name="checkout" time="0.456"/>
  <testcase classname="Testpckg.Logintest" name="checkoutinformaton" time="0.917"/>
  <testcase classname="Testpckg.Logintest" name="finish" time="0.67"/>
  <testcase classname="Testpckg.Logintest" name="hamberg" time="0.123"/>
  <testcase classname="Testpckg.Logintest" name="logout" time="0.178"/>
</testsuite> <!-- Default test -->
