<?xml version="1.0" encoding="UTF-8"?>
<testng-results ignored="0" total="8" passed="8" failed="0" skipped="0">
  <reporter-output>
  </reporter-output>
  <suite started-at="2024-05-15T21:44:51 IST" name="Default suite" finished-at="2024-05-15T21:45:12 IST" duration-ms="21384">
    <groups>
    </groups>
    <test started-at="2024-05-15T21:44:51 IST" name="Default test" finished-at="2024-05-15T21:45:12 IST" duration-ms="21384">
      <class name="Testpckg.Logintest">
        <test-method is-config="true" signature="setup()[pri:0, instance:Testpckg.Logintest@3646a422]" started-at="2024-05-15T21:44:51 IST" name="setup" finished-at="2024-05-15T21:44:57 IST" duration-ms="5781" status="PASS">
          <reporter-output>
          </reporter-output>
        </test-method> <!-- setup -->
        <test-method signature="login()[pri:1, instance:Testpckg.Logintest@3646a422]" started-at="2024-05-15T21:44:57 IST" name="login" finished-at="2024-05-15T21:45:09 IST" duration-ms="11920" status="PASS">
          <reporter-output>
          </reporter-output>
        </test-method> <!-- login -->
        <test-method signature="addtocart()[pri:2, instance:Testpckg.Logintest@3646a422]" started-at="2024-05-15T21:45:09 IST" name="addtocart" finished-at="2024-05-15T21:45:09 IST" duration-ms="623" status="PASS">
          <reporter-output>
          </reporter-output>
        </test-method> <!-- addtocart -->
        <test-method signature="cart()[pri:3, instance:Testpckg.Logintest@3646a422]" started-at="2024-05-15T21:45:09 IST" name="cart" finished-at="2024-05-15T21:45:10 IST" duration-ms="565" status="PASS">
          <reporter-output>
          </reporter-output>
        </test-method> <!-- cart -->
        <test-method signature="checkout()[pri:4, instance:Testpckg.Logintest@3646a422]" started-at="2024-05-15T21:45:10 IST" name="checkout" finished-at="2024-05-15T21:45:10 IST" duration-ms="456" status="PASS">
          <reporter-output>
          </reporter-output>
        </test-method> <!-- checkout -->
        <test-method signature="checkoutinformaton()[pri:5, instance:Testpckg.Logintest@3646a422]" started-at="2024-05-15T21:45:11 IST" name="checkoutinformaton" finished-at="2024-05-15T21:45:11 IST" duration-ms="917" status="PASS">
          <reporter-output>
          </reporter-output>
        </test-method> <!-- checkoutinformaton -->
        <test-method signature="finish()[pri:6, instance:Testpckg.Logintest@3646a422]" started-at="2024-05-15T21:45:11 IST" name="finish" finished-at="2024-05-15T21:45:12 IST" duration-ms="670" status="PASS">
          <reporter-output>
          </reporter-output>
        </test-method> <!-- finish -->
        <test-method signature="hamberg()[pri:7, instance:Testpckg.Logintest@3646a422]" started-at="2024-05-15T21:45:12 IST" name="hamberg" finished-at="2024-05-15T21:45:12 IST" duration-ms="123" status="PASS">
          <reporter-output>
          </reporter-output>
        </test-method> <!-- hamberg -->
        <test-method signature="logout()[pri:8, instance:Testpckg.Logintest@3646a422]" started-at="2024-05-15T21:45:12 IST" name="logout" finished-at="2024-05-15T21:45:12 IST" duration-ms="178" status="PASS">
          <reporter-output>
          </reporter-output>
        </test-method> <!-- logout -->
      </class> <!-- Testpckg.Logintest -->
    </test> <!-- Default test -->
  </suite> <!-- Default suite -->
</testng-results>
